\BOOKMARK [1][-]{section.1}{Introduzione}{}
\BOOKMARK [2][-]{subsection.1.1}{Tema}{section.1}
\BOOKMARK [2][-]{subsection.1.2}{Requisiti}{section.1}
\BOOKMARK [1][-]{section.2}{Analisi}{}
\BOOKMARK [2][-]{subsection.2.1}{La Struttura di Gioco}{section.2}
\BOOKMARK [3][-]{subsubsection.2.1.1}{Timer}{subsection.2.1}
\BOOKMARK [3][-]{subsubsection.2.1.2}{Campo}{subsection.2.1}
\BOOKMARK [3][-]{subsubsection.2.1.3}{Arbitro}{subsection.2.1}
\BOOKMARK [3][-]{subsubsection.2.1.4}{Manager}{subsection.2.1}
\BOOKMARK [3][-]{subsubsection.2.1.5}{Giocatore}{subsection.2.1}
\BOOKMARK [3][-]{subsubsection.2.1.6}{Palla}{subsection.2.1}
\BOOKMARK [2][-]{subsection.2.2}{I Dettagli di Gioco}{section.2}
\BOOKMARK [3][-]{subsubsection.2.2.1}{Movimento}{subsection.2.2}
\BOOKMARK [3][-]{subsubsection.2.2.2}{Zone di Movimento}{subsection.2.2}
\BOOKMARK [3][-]{subsubsection.2.2.3}{I Giocatori}{subsection.2.2}
\BOOKMARK [1][-]{section.3}{Applicazioni delle Logiche}{}
\BOOKMARK [2][-]{subsection.3.1}{Giocatore con Palla}{section.3}
\BOOKMARK [3][-]{subsubsection.3.1.1}{Logica di Tiro}{subsection.3.1}
\BOOKMARK [3][-]{subsubsection.3.1.2}{Logica di Passaggio}{subsection.3.1}
\BOOKMARK [3][-]{subsubsection.3.1.3}{Logica di Avanzamento}{subsection.3.1}
\BOOKMARK [3][-]{subsubsection.3.1.4}{Logica di Posizione}{subsection.3.1}
\BOOKMARK [2][-]{subsection.3.2}{Squadra con Palla}{section.3}
\BOOKMARK [3][-]{subsubsection.3.2.1}{Logica di Smarcatura}{subsection.3.2}
\BOOKMARK [3][-]{subsubsection.3.2.2}{Logica di Avanzamento}{subsection.3.2}
\BOOKMARK [3][-]{subsubsection.3.2.3}{Logica di Posizione}{subsection.3.2}
\BOOKMARK [2][-]{subsection.3.3}{Avversari con Palla}{section.3}
\BOOKMARK [3][-]{subsubsection.3.3.1}{Logica di Contrasto}{subsection.3.3}
\BOOKMARK [3][-]{subsubsection.3.3.2}{Logica di Indietreggiamento}{subsection.3.3}
\BOOKMARK [3][-]{subsubsection.3.3.3}{Logica di Posizione}{subsection.3.3}
\BOOKMARK [2][-]{subsection.3.4}{Parata del Portiere}{section.3}
\BOOKMARK [3][-]{subsubsection.3.4.1}{Logica di Contrasto}{subsection.3.4}
\BOOKMARK [3][-]{subsubsection.3.4.2}{Logica di Parata}{subsection.3.4}
\BOOKMARK [3][-]{subsubsection.3.4.3}{Logica di Posizione}{subsection.3.4}
\BOOKMARK [1][-]{section.4}{Modello}{}
\BOOKMARK [2][-]{subsection.4.1}{Timer}{section.4}
\BOOKMARK [2][-]{subsection.4.2}{Campo}{section.4}
\BOOKMARK [2][-]{subsection.4.3}{Arbitro}{section.4}
\BOOKMARK [2][-]{subsection.4.4}{Manager}{section.4}
\BOOKMARK [2][-]{subsection.4.5}{Squadra}{section.4}
\BOOKMARK [2][-]{subsection.4.6}{Giocatore}{section.4}
\BOOKMARK [2][-]{subsection.4.7}{Pallone}{section.4}
\BOOKMARK [1][-]{section.5}{Concorrenza}{}
\BOOKMARK [2][-]{subsection.5.1}{Integrit\340 dello Stato di Gioco}{section.5}
\BOOKMARK [2][-]{subsection.5.2}{Unicit\340 del Possesso di Palla}{section.5}
\BOOKMARK [2][-]{subsection.5.3}{Priorit\340 dei Processi}{section.5}
\BOOKMARK [2][-]{subsection.5.4}{Prevenzione delle Situazioni di Stallo}{section.5}
\BOOKMARK [2][-]{subsection.5.5}{Prevenzione delle Situazioni di Starvation}{section.5}
\BOOKMARK [1][-]{section.6}{Distribuzione}{}
\BOOKMARK [2][-]{subsection.6.1}{Progettazione del Software Distribuito}{section.6}
\BOOKMARK [2][-]{subsection.6.2}{Struttura Distribuita delle Parti}{section.6}
\BOOKMARK [2][-]{subsection.6.3}{Trasmissione degli Eventi}{section.6}
\BOOKMARK [2][-]{subsection.6.4}{}{section.6}
\BOOKMARK [1][-]{section.7}{Integrazione tra le Parti - Concorrenza e Distribuzione}{}
\BOOKMARK [1][-]{section.8}{Codifica}{}
\BOOKMARK [2][-]{subsection.8.1}{Field}{section.8}
\BOOKMARK [2][-]{subsection.8.2}{Referee}{section.8}
\BOOKMARK [2][-]{subsection.8.3}{Manager}{section.8}
\BOOKMARK [2][-]{subsection.8.4}{Player}{section.8}
\BOOKMARK [2][-]{subsection.8.5}{Ball}{section.8}
\BOOKMARK [1][-]{section.9}{Conclusioni}{}
\BOOKMARK [1][-]{section.10}{Bibliografia}{}
